<?xml version="1.0" encoding="UTF-8"?>
<testsuite name="com.org.shoppingcart.ProductTest" tests="1" skipped="0" failures="0" errors="0" timestamp="2024-07-13T13:36:51" hostname="DESKTOP-GUO1275" time="0.031">
  <properties/>
  <testcase name="shouldCreateProductWithNameAndPrice()" classname="com.org.shoppingcart.ProductTest" time="0.031"/>
  <system-out><![CDATA[]]></system-out>
  <system-err><![CDATA[]]></system-err>
</testsuite>
