<?xml version="1.0" encoding="UTF-8"?>
<testsuite name="com.org.shoppingcart.ShoppingCartTest" tests="1" skipped="0" failures="0" errors="0" timestamp="2024-07-13T13:52:19" hostname="DESKTOP-GUO1275" time="0.029">
  <properties/>
  <testcase name="shouldBeAbleToCreateEmptyShoppingCart()" classname="com.org.shoppingcart.ShoppingCartTest" time="0.029"/>
  <system-out><![CDATA[]]></system-out>
  <system-err><![CDATA[]]></system-err>
</testsuite>
